This is pdfTeX, Version 3.141592653-2.6-1.40.25 (MiKTeX 23.5) (preloaded format=pdflatex 2023.8.19)  22 AUG 2023 10:25
entering extended mode
 restricted \write18 enabled.
 file:line:error style messages enabled.
 %&-line parsing enabled.
**"/home/ml/Documents/CV/Martín Rosales's Resume-hackerresume/resume.tex"
(/home/ml/Documents/CV/Martín Rosales's Resume-hackerresume/resume.tex
LaTeX2e <2023-06-01> patch level 1
L3 programming layer <2023-06-30>

/home/ml/Documents/CV/Martín Rosales's Resume-hackerresume/resume.tex:50: LaTeX hooks Error: Missing (empty) default label on line 50.
(hooks)              This command was ignored.

Type <return> to continue.
 ...                                              
                                                  
l.50 
     

LaTeX does not know anything more about this error, sorry.

Try typing <return> to proceed.
If that doesn't work, type X <return> to quit.



! LaTeX Error: File `.cls' not found.

Type X to quit or <RETURN> to proceed,
or enter new name. (Default extension: cls)

Enter file name: 
/home/ml/Documents/CV/Martín Rosales's Resume-hackerresume/resume.tex:50: Emergency stop.
<read *> 
         
l.50 ^^M
        
*** (cannot \read from terminal in nonstop modes)

 
Here is how much of TeX's memory you used:
 24 strings out of 477486
 699 string characters out of 5814504
 1916244 words of memory out of 5000000
 21102 multiletter control sequences out of 15000+600000
 558069 words of font info for 36 fonts, out of 8000000 for 9000
 0 hyphenation exceptions out of 8191
 20i,0n,45p,155b,44s stack positions out of 10000i,1000n,20000p,200000b,200000s
/home/ml/Documents/CV/Martín Rosales's Resume-hackerresume/resume.tex:50:  ==> Fatal error occurred, no output PDF file produced!
