This is pdfTeX, Version 3.141592653-2.6-1.40.25 (MiKTeX 23.5) (preloaded format=pdflatex 2023.8.19)  22 AUG 2023 10:27
entering extended mode
 restricted \write18 enabled.
 file:line:error style messages enabled.
 %&-line parsing enabled.
**"/home/ml/Documents/GitHub/CV/Resume 2/resume_hackerrank.tex"
(/home/ml/Documents/GitHub/CV/Resume 2/resume_hackerrank.tex
LaTeX2e <2023-06-01> patch level 1
L3 programming layer <2023-06-30>

! LaTeX Error: File `resume.cls.cls' not found.

Type X to quit or <RETURN> to proceed,
or enter new name. (Default extension: cls)

Enter file name: 
/home/ml/Documents/GitHub/CV/Resume 2/resume_hackerrank.tex:50: Emergency stop.
<read *> 
         
l.50 ^^M
        
*** (cannot \read from terminal in nonstop modes)

 
Here is how much of TeX's memory you used:
 24 strings out of 477486
 684 string characters out of 5814504
 1916244 words of memory out of 5000000
 21102 multiletter control sequences out of 15000+600000
 558069 words of font info for 36 fonts, out of 8000000 for 9000
 0 hyphenation exceptions out of 8191
 19i,0n,29p,144b,17s stack positions out of 10000i,1000n,20000p,200000b,200000s
/home/ml/Documents/GitHub/CV/Resume 2/resume_hackerrank.tex:50:  ==> Fatal error occurred, no output PDF file produced!
